<?xml version="1.0" encoding="UTF-8"?>
<!-- Generated by org.testng.reporters.JUnitXMLReporter -->
<testsuite ignored="4" hostname="ISS-39C825263Q6" failures="0" tests="2" name="Test" time="41.164" errors="0" timestamp="2026-04-08T20:01:53 IST">
  <testcase classname="Com.DemoWebShop_TestScripts.TC_001_AddAddress" name="addAddress" time="9.153"/>
  <testcase classname="Com.DemoWebShop_TestScripts.TC_001_DeleteAddress" name="addAddress" time="13.495"/>
  <testcase classname="Com.DemoWebShop_GenericUtility.BaseTest" name="@AfterTest at" time="0.0">
    <ignored/>
  </testcase> <!-- @AfterTest at -->
  <testcase classname="Com.DemoWebShop_GenericUtility.BaseTest" name="@BeforeSuite bs" time="0.0">
    <ignored/>
  </testcase> <!-- @BeforeSuite bs -->
  <testcase classname="Com.DemoWebShop_GenericUtility.BaseTest" name="@BeforeTest bt" time="0.0">
    <ignored/>
  </testcase> <!-- @BeforeTest bt -->
  <testcase classname="Com.DemoWebShop_GenericUtility.BaseTest" name="@AfterSuite as" time="0.0">
    <ignored/>
  </testcase> <!-- @AfterSuite as -->
</testsuite> <!-- Test -->
